<?xml version="1.0" encoding="UTF-8"?>
<!-- Generated by org.testng.reporters.JUnitXMLReporter -->
<testsuite hostname="Shree" ignored="0" name="Default test" tests="5" failures="0" timestamp="2022-12-01T13:26:33 IST" time="15.794" errors="0">
  <testcase name="TC_GetRestFullBooker" time="9.071" classname="org.Task_Api.Task"/>
  <testcase name="TC_PostRestFullBooker" time="1.778" classname="org.Task_Api.Task"/>
  <testcase name="TC_verifyGetRestFullBooker" time="1.645" classname="org.Task_Api.Task"/>
  <testcase name="TC_updateRestFullBooker" time="1.616" classname="org.Task_Api.Task"/>
  <testcase name="TC_deleteRestFullBooker" time="1.516" classname="org.Task_Api.Task"/>
</testsuite> <!-- Default test -->
